<?xml version="1.0" encoding="utf-8"?><testsuites name="pytest tests"><testsuite name="pytest" errors="0" failures="0" skipped="0" tests="10" time="1.317" timestamp="2026-02-11T22:39:13.065883+00:00" hostname="agent-env-9a3da613-1272-4a9a-8462-ef5ccc591ba7"><testcase classname="backend.tests.test_control_preferences.TestControlPreferencesAPI" name="test_get_control_preferences" time="0.203" /><testcase classname="backend.tests.test_control_preferences.TestControlPreferencesAPI" name="test_update_login_pin_settings" time="0.163" /><testcase classname="backend.tests.test_control_preferences.TestControlPreferencesAPI" name="test_update_auth_mode" time="0.202" /><testcase classname="backend.tests.test_control_preferences.TestControlPreferencesAPI" name="test_update_late_early_controls" time="0.131" /><testcase classname="backend.tests.test_control_preferences.TestControlPreferencesAPI" name="test_update_session_controls" time="0.121" /><testcase classname="backend.tests.test_control_preferences.TestControlPreferencesAPI" name="test_update_leave_controls" time="0.119" /><testcase classname="backend.tests.test_control_preferences.TestControlPreferencesAPI" name="test_update_swap_controls" time="0.114" /><testcase classname="backend.tests.test_control_preferences.TestControlPreferencesAPI" name="test_update_additional_controls" time="0.125" /><testcase classname="backend.tests.test_control_preferences.TestControlPreferencesAPI" name="test_unauthorized_access" time="0.038" /><testcase classname="backend.tests.test_control_preferences.TestControlPreferencesAPI" name="test_staff_cannot_access" time="0.048" /></testsuite></testsuites>