<?xml version="1.0" encoding="utf-8"?><testsuites name="pytest tests"><testsuite name="pytest" errors="0" failures="0" skipped="0" tests="10" time="0.823" timestamp="2026-02-12T00:00:11.275452+00:00" hostname="agent-env-7d3e1f61-ce6c-4cd6-aba4-fd98f526bbd9"><testcase classname="backend.tests.test_late_arrivals_feature.TestLateArrivalsReport" name="test_late_arrivals_report_endpoint_exists" time="0.142" /><testcase classname="backend.tests.test_late_arrivals_feature.TestLateArrivalsReport" name="test_late_arrivals_report_summary_structure" time="0.044" /><testcase classname="backend.tests.test_late_arrivals_feature.TestLateArrivalsReport" name="test_late_arrivals_report_requires_auth" time="0.036" /><testcase classname="backend.tests.test_late_arrivals_feature.TestLateArrivalsReport" name="test_late_arrivals_report_requires_manager_role" time="0.118" /><testcase classname="backend.tests.test_late_arrivals_feature.TestLateArrivalsReport" name="test_late_arrivals_month_navigation" time="0.082" /><testcase classname="backend.tests.test_late_arrivals_feature.TestClockInWithReason" name="test_clock_in_accepts_late_early_reason" time="0.155" /><testcase classname="backend.tests.test_late_arrivals_feature.TestClockInWithReason" name="test_attendance_record_model_has_late_fields" time="0.000" /><testcase classname="backend.tests.test_late_arrivals_feature.TestManagerNotifications" name="test_notifications_endpoint_exists" time="0.110" /><testcase classname="backend.tests.test_late_arrivals_feature.TestManagerNotifications" name="test_control_preferences_has_late_notification_setting" time="0.073" /><testcase classname="backend.tests.test_late_arrivals_feature.TestDarkModeCSSVariables" name="test_dark_mode_variables_defined" time="0.000" /></testsuite></testsuites>