<?xml version="1.0" encoding="utf-8"?><testsuites name="pytest tests"><testsuite name="pytest" errors="0" failures="0" skipped="0" tests="11" time="1.736" timestamp="2026-02-10T19:01:04.187478+00:00" hostname="agent-env-7196c975-3026-4623-9ca8-dbcf3ad008e6"><testcase classname="tests.test_phase5b_kiosk.TestPhase5BKiosk" name="test_get_attendance_status" time="0.179" /><testcase classname="tests.test_phase5b_kiosk.TestPhase5BKiosk" name="test_get_today_shift" time="0.170" /><testcase classname="tests.test_phase5b_kiosk.TestPhase5BKiosk" name="test_get_next_shift_endpoint" time="0.158" /><testcase classname="tests.test_phase5b_kiosk.TestPhase5BKiosk" name="test_clock_in_requires_auth" time="0.124" /><testcase classname="tests.test_phase5b_kiosk.TestPhase5BKiosk" name="test_clock_action_invalid_action" time="0.139" /><testcase classname="tests.test_phase5b_kiosk.TestPhase5BKiosk" name="test_shifts_next_requires_auth" time="0.111" /><testcase classname="tests.test_phase5b_kiosk.TestPhase5BKiosk" name="test_shifts_today_requires_auth" time="0.069" /><testcase classname="tests.test_phase5b_kiosk.TestPhase5BKiosk" name="test_attendance_status_requires_auth" time="0.158" /><testcase classname="tests.test_phase5b_kiosk.TestPhase5BKiosk" name="test_manager_has_no_shift_today" time="0.189" /><testcase classname="tests.test_phase5b_kiosk.TestPhase5BKiosk" name="test_clock_out_returns_next_shift" time="0.175" /><testcase classname="tests.test_phase5b_kiosk.TestShiftDataSeeding" name="test_staff_has_shifts_seeded" time="0.192" /></testsuite></testsuites>