<?xml version="1.0" encoding="utf-8"?><testsuites name="pytest tests"><testsuite name="pytest" errors="0" failures="1" skipped="0" tests="15" time="1.885" timestamp="2026-02-10T19:48:39.259134+00:00" hostname="agent-env-7196c975-3026-4623-9ca8-dbcf3ad008e6"><testcase classname="backend.tests.test_phase5c_sick_leave.TestSickLeaveEndpoints" name="test_01_record_sick_leave_success" time="0.213" /><testcase classname="backend.tests.test_phase5c_sick_leave.TestSickLeaveEndpoints" name="test_02_get_my_sick_leave_records" time="0.041" /><testcase classname="backend.tests.test_phase5c_sick_leave.TestSickLeaveEndpoints" name="test_03_get_all_sick_leave_manager_only" time="0.190" /><testcase classname="backend.tests.test_phase5c_sick_leave.TestSickLeaveEndpoints" name="test_04_return_to_work" time="0.034" /><testcase classname="backend.tests.test_phase5c_sick_leave.TestSickLeaveEndpoints" name="test_05_record_sick_leave_minimal" time="0.080" /><testcase classname="backend.tests.test_phase5c_sick_leave.TestLeaveRequestApprovalMessages" name="test_01_create_leave_request" time="0.159" /><testcase classname="backend.tests.test_phase5c_sick_leave.TestLeaveRequestApprovalMessages" name="test_02_approve_leave_creates_message" time="0.170" /><testcase classname="backend.tests.test_phase5c_sick_leave.TestLeaveRequestApprovalMessages" name="test_03_create_and_reject_leave_creates_message" time="0.111" /><testcase classname="backend.tests.test_phase5c_sick_leave.TestDayRequestApprovalMessages" name="test_01_create_day_request" time="0.121" /><testcase classname="backend.tests.test_phase5c_sick_leave.TestDayRequestApprovalMessages" name="test_02_approve_day_request_creates_message" time="0.145" /><testcase classname="backend.tests.test_phase5c_sick_leave.TestDayRequestApprovalMessages" name="test_03_create_and_reject_day_request_creates_message" time="0.114" /><testcase classname="backend.tests.test_phase5c_sick_leave.TestPlannerValidationRules" name="test_01_get_planner_config" time="0.152"><failure message="AssertionError: Failed to get planner config: {&quot;detail&quot;:&quot;Not Found&quot;}&#10;assert 404 == 200&#10; +  where 404 = &lt;Response [404]&gt;.status_code">backend/tests/test_phase5c_sick_leave.py:374: in test_01_get_planner_config
    assert response.status_code == 200, f"Failed to get planner config: {response.text}"
E   AssertionError: Failed to get planner config: {"detail":"Not Found"}
E   assert 404 == 200
E    +  where 404 = &lt;Response [404]&gt;.status_code</failure></testcase><testcase classname="backend.tests.test_phase5c_sick_leave.TestPlannerValidationRules" name="test_02_validate_assignment_returns_warnings" time="0.069" /><testcase classname="backend.tests.test_phase5c_sick_leave.TestMessagesEndpoint" name="test_01_get_messages" time="0.111" /><testcase classname="backend.tests.test_phase5c_sick_leave.TestMessagesEndpoint" name="test_02_mark_message_read" time="0.070" /></testsuite></testsuites>