<?xml version="1.0" encoding="utf-8"?><testsuites name="pytest tests"><testsuite name="pytest" errors="0" failures="0" skipped="0" tests="15" time="1.644" timestamp="2026-02-10T19:49:03.001894+00:00" hostname="agent-env-7196c975-3026-4623-9ca8-dbcf3ad008e6"><testcase classname="backend.tests.test_phase5c_sick_leave.TestSickLeaveEndpoints" name="test_01_record_sick_leave_success" time="0.145" /><testcase classname="backend.tests.test_phase5c_sick_leave.TestSickLeaveEndpoints" name="test_02_get_my_sick_leave_records" time="0.039" /><testcase classname="backend.tests.test_phase5c_sick_leave.TestSickLeaveEndpoints" name="test_03_get_all_sick_leave_manager_only" time="0.140" /><testcase classname="backend.tests.test_phase5c_sick_leave.TestSickLeaveEndpoints" name="test_04_return_to_work" time="0.040" /><testcase classname="backend.tests.test_phase5c_sick_leave.TestSickLeaveEndpoints" name="test_05_record_sick_leave_minimal" time="0.039" /><testcase classname="backend.tests.test_phase5c_sick_leave.TestLeaveRequestApprovalMessages" name="test_01_create_leave_request" time="0.115" /><testcase classname="backend.tests.test_phase5c_sick_leave.TestLeaveRequestApprovalMessages" name="test_02_approve_leave_creates_message" time="0.153" /><testcase classname="backend.tests.test_phase5c_sick_leave.TestLeaveRequestApprovalMessages" name="test_03_create_and_reject_leave_creates_message" time="0.108" /><testcase classname="backend.tests.test_phase5c_sick_leave.TestDayRequestApprovalMessages" name="test_01_create_day_request" time="0.111" /><testcase classname="backend.tests.test_phase5c_sick_leave.TestDayRequestApprovalMessages" name="test_02_approve_day_request_creates_message" time="0.183" /><testcase classname="backend.tests.test_phase5c_sick_leave.TestDayRequestApprovalMessages" name="test_03_create_and_reject_day_request_creates_message" time="0.117" /><testcase classname="backend.tests.test_phase5c_sick_leave.TestPlannerValidationRules" name="test_01_get_planner_templates_with_rules" time="0.112" /><testcase classname="backend.tests.test_phase5c_sick_leave.TestPlannerValidationRules" name="test_02_validate_assignment_returns_warnings" time="0.070" /><testcase classname="backend.tests.test_phase5c_sick_leave.TestMessagesEndpoint" name="test_01_get_messages" time="0.109" /><testcase classname="backend.tests.test_phase5c_sick_leave.TestMessagesEndpoint" name="test_02_mark_message_read" time="0.077" /></testsuite></testsuites>