<?xml version="1.0" encoding="utf-8"?><testsuites name="pytest tests"><testsuite name="pytest" errors="0" failures="0" skipped="0" tests="11" time="0.805" timestamp="2026-02-10T19:13:46.911443+00:00" hostname="agent-env-7196c975-3026-4623-9ca8-dbcf3ad008e6"><testcase classname="backend.tests.test_phase5b_offline.TestKioskRegister" name="test_register_kiosk_device" time="0.054" /><testcase classname="backend.tests.test_phase5b_offline.TestKioskRegister" name="test_register_kiosk_without_optional_params" time="0.039" /><testcase classname="backend.tests.test_phase5b_offline.TestKioskHeartbeat" name="test_heartbeat_with_valid_device" time="0.069" /><testcase classname="backend.tests.test_phase5b_offline.TestKioskHeartbeat" name="test_heartbeat_with_invalid_device" time="0.037" /><testcase classname="backend.tests.test_phase5b_offline.TestOfflineBundle" name="test_offline_bundle_with_manager" time="0.115" /><testcase classname="backend.tests.test_phase5b_offline.TestOfflineBundle" name="test_offline_bundle_without_auth" time="0.116" /><testcase classname="backend.tests.test_phase5b_offline.TestOfflineBundle" name="test_offline_bundle_with_staff_denied" time="0.172" /><testcase classname="backend.tests.test_phase5b_offline.TestOfflineAuth" name="test_offline_auth_valid_credentials" time="0.036" /><testcase classname="backend.tests.test_phase5b_offline.TestOfflineAuth" name="test_offline_auth_invalid_pin" time="0.039" /><testcase classname="backend.tests.test_phase5b_offline.TestOfflineAuth" name="test_offline_auth_invalid_employee" time="0.036" /><testcase classname="backend.tests.test_phase5b_offline.TestOfflineAuth" name="test_offline_auth_manager_credentials" time="0.037" /></testsuite></testsuites>