<?xml version="1.0" encoding="utf-8"?><testsuites name="pytest tests"><testsuite name="pytest" errors="0" failures="0" skipped="0" tests="16" time="1.149" timestamp="2026-02-07T14:53:25.771473+00:00" hostname="agent-env-3a5f546c-e5f5-4241-9b71-8ea6d664a17a"><testcase classname="test_phase4cd_api.TestPhase4CD" name="test_leave_overview_returns_staff_list" time="0.203" /><testcase classname="test_phase4cd_api.TestPhase4CD" name="test_leave_overview_28_day_entitlement" time="0.039" /><testcase classname="test_phase4cd_api.TestPhase4CD" name="test_leave_overview_balance_calculation" time="0.038" /><testcase classname="test_phase4cd_api.TestPhase4CD" name="test_leave_overview_emma_thompson_leave" time="0.040" /><testcase classname="test_phase4cd_api.TestPhase4CD" name="test_sickness_trends_structure" time="0.072" /><testcase classname="test_phase4cd_api.TestPhase4CD" name="test_sickness_trends_bradford_formula" time="0.072" /><testcase classname="test_phase4cd_api.TestPhase4CD" name="test_mark_rtw_endpoint_exists" time="0.039" /><testcase classname="test_phase4cd_api.TestPhase4CD" name="test_manager_notes_crud" time="0.227" /><testcase classname="test_phase4cd_api.TestPhase4CD" name="test_delete_nonexistent_note_returns_404" time="0.038" /><testcase classname="test_phase4cd_api.TestPhase4CD" name="test_heatmap_structure" time="0.037" /><testcase classname="test_phase4cd_api.TestPhase4CD" name="test_heatmap_all_february_days" time="0.040" /><testcase classname="test_phase4cd_api.TestPhase4CD" name="test_under_coverage_structure" time="0.039" /><testcase classname="test_phase4cd_api.TestPhase4CD" name="test_under_coverage_future_only" time="0.035" /><testcase classname="test_phase4cd_api.TestPhase4CD" name="test_leave_overview_requires_auth" time="0.035" /><testcase classname="test_phase4cd_api.TestPhase4CD" name="test_manager_notes_requires_auth" time="0.036" /><testcase classname="test_phase4cd_api.TestPhase4CD" name="test_heatmap_requires_auth" time="0.035" /></testsuite></testsuites>