<?xml version="1.0" encoding="utf-8"?><testsuites name="pytest tests"><testsuite name="pytest" errors="0" failures="0" skipped="0" tests="16" time="1.345" timestamp="2026-02-07T15:54:52.447744+00:00" hostname="agent-env-7196c975-3026-4623-9ca8-dbcf3ad008e6"><testcase classname="backend.tests.test_phase5a_staff_mgmt.TestStaffManagementAPIs" name="test_list_employees_endpoint" time="0.133" /><testcase classname="backend.tests.test_phase5a_staff_mgmt.TestStaffManagementAPIs" name="test_list_employees_excludes_sensitive_data" time="0.035" /><testcase classname="backend.tests.test_phase5a_staff_mgmt.TestStaffManagementAPIs" name="test_create_employee_success" time="0.038" /><testcase classname="backend.tests.test_phase5a_staff_mgmt.TestStaffManagementAPIs" name="test_create_employee_required_fields" time="0.076" /><testcase classname="backend.tests.test_phase5a_staff_mgmt.TestStaffManagementAPIs" name="test_create_employee_auto_generates_id" time="0.038" /><testcase classname="backend.tests.test_phase5a_staff_mgmt.TestStaffManagementAPIs" name="test_update_employee_success" time="0.150" /><testcase classname="backend.tests.test_phase5a_staff_mgmt.TestStaffManagementAPIs" name="test_update_employee_not_found" time="0.054" /><testcase classname="backend.tests.test_phase5a_staff_mgmt.TestStaffManagementAPIs" name="test_reset_pin_success" time="0.081" /><testcase classname="backend.tests.test_phase5a_staff_mgmt.TestStaffManagementAPIs" name="test_reset_pin_not_found" time="0.035" /><testcase classname="backend.tests.test_phase5a_staff_mgmt.TestStaffManagementAPIs" name="test_reset_totp_success" time="0.070" /><testcase classname="backend.tests.test_phase5a_staff_mgmt.TestStaffManagementAPIs" name="test_reset_totp_not_found" time="0.043" /><testcase classname="backend.tests.test_phase5a_staff_mgmt.TestStaffManagementAPIs" name="test_deactivate_employee_success" time="0.107" /><testcase classname="backend.tests.test_phase5a_staff_mgmt.TestStaffManagementAPIs" name="test_deactivate_not_found" time="0.041" /><testcase classname="backend.tests.test_phase5a_staff_mgmt.TestStaffManagementAPIs" name="test_activate_employee_success" time="0.074" /><testcase classname="backend.tests.test_phase5a_staff_mgmt.TestStaffManagementAPIs" name="test_activate_not_found" time="0.041" /><testcase classname="backend.tests.test_phase5a_staff_mgmt.TestStaffManagementAPIs" name="test_endpoints_require_auth" time="0.274" /></testsuite></testsuites>