<?xml version="1.0" encoding="utf-8"?><testsuites name="pytest tests"><testsuite name="pytest" errors="0" failures="0" skipped="0" tests="12" time="1.958" timestamp="2026-02-06T19:27:25.974685+00:00" hostname="agent-env-3a5f546c-e5f5-4241-9b71-8ea6d664a17a"><testcase classname="backend.tests.test_planner_api.TestPlannerAPI" name="test_get_templates_returns_4_templates" time="0.173" /><testcase classname="backend.tests.test_planner_api.TestPlannerAPI" name="test_seed_month_creates_shifts" time="0.119" /><testcase classname="backend.tests.test_planner_api.TestPlannerAPI" name="test_get_monthly_planner_returns_data" time="0.058" /><testcase classname="backend.tests.test_planner_api.TestPlannerAPI" name="test_assign_shift_success" time="0.239" /><testcase classname="backend.tests.test_planner_api.TestPlannerAPI" name="test_assign_duplicate_shift_returns_error" time="0.222" /><testcase classname="backend.tests.test_planner_api.TestPlannerAPI" name="test_assign_consecutive_days_returns_warning" time="0.328" /><testcase classname="backend.tests.test_planner_api.TestPlannerAPI" name="test_assign_with_force_overrides_warnings" time="0.172" /><testcase classname="backend.tests.test_planner_api.TestPlannerAPI" name="test_unassign_shift_success" time="0.189" /><testcase classname="backend.tests.test_planner_api.TestPlannerAPI" name="test_unassign_nonexistent_shift_returns_404" time="0.038" /><testcase classname="backend.tests.test_planner_api.TestPlannerAPI" name="test_move_shift_to_new_date" time="0.188" /><testcase classname="backend.tests.test_planner_api.TestPlannerAPI" name="test_overtime_returns_per_staff" time="0.043" /><testcase classname="backend.tests.test_planner_api.TestPlannerAPI" name="test_coverage_returns_per_template" time="0.044" /></testsuite></testsuites>