<?xml version="1.0" encoding="utf-8"?><testsuites name="pytest tests"><testsuite name="pytest" errors="0" failures="0" skipped="0" tests="25" time="2.889" timestamp="2026-02-06T17:54:03.942659+00:00" hostname="agent-env-3a5f546c-e5f5-4241-9b71-8ea6d664a17a"><testcase classname="backend.tests.test_phase3_features.TestSeedData" name="test_seed_endpoint" time="0.081" /><testcase classname="backend.tests.test_phase3_features.TestSeedData" name="test_seed_shifts_endpoint" time="0.097" /><testcase classname="backend.tests.test_phase3_features.TestDemoLogin" name="test_staff_demo_lookup" time="0.044" /><testcase classname="backend.tests.test_phase3_features.TestDemoLogin" name="test_manager_demo_lookup" time="0.041" /><testcase classname="backend.tests.test_phase3_features.TestDemoLogin" name="test_admin_demo_lookup" time="0.043" /><testcase classname="backend.tests.test_phase3_features.TestDemoLogin" name="test_staff_pin_validation_correct" time="0.096" /><testcase classname="backend.tests.test_phase3_features.TestDemoLogin" name="test_manager_pin_validation_correct" time="0.102" /><testcase classname="backend.tests.test_phase3_features.TestDemoLogin" name="test_pin_validation_incorrect" time="0.086" /><testcase classname="backend.tests.test_phase3_features.TestNotifications" name="test_get_notifications" time="0.124" /><testcase classname="backend.tests.test_phase3_features.TestNotifications" name="test_notifications_unauthenticated" time="0.041" /><testcase classname="backend.tests.test_phase3_features.TestMessages" name="test_get_messages" time="0.124" /><testcase classname="backend.tests.test_phase3_features.TestMessages" name="test_send_message" time="0.196" /><testcase classname="backend.tests.test_phase3_features.TestCalendarAPIs" name="test_monthly_rota" time="0.116" /><testcase classname="backend.tests.test_phase3_features.TestCalendarAPIs" name="test_team_availability" time="0.118" /><testcase classname="backend.tests.test_phase3_features.TestManagerApprovals" name="test_pending_approvals" time="0.122" /><testcase classname="backend.tests.test_phase3_features.TestManagerApprovals" name="test_pending_approvals_staff_forbidden" time="0.120" /><testcase classname="backend.tests.test_phase3_features.TestStaffProfile" name="test_staff_profile" time="0.126" /><testcase classname="backend.tests.test_phase3_features.TestStaffProfile" name="test_staff_colleagues" time="0.122" /><testcase classname="backend.tests.test_phase3_features.TestShiftSwaps" name="test_get_shift_swaps_staff" time="0.108" /><testcase classname="backend.tests.test_phase3_features.TestShiftSwaps" name="test_get_shift_swaps_manager" time="0.111" /><testcase classname="backend.tests.test_phase3_features.TestLeaveRequests" name="test_get_leave_requests" time="0.123" /><testcase classname="backend.tests.test_phase3_features.TestLeaveRequests" name="test_create_leave_request" time="0.120" /><testcase classname="backend.tests.test_phase3_features.TestDayRequests" name="test_get_day_requests" time="0.121" /><testcase classname="backend.tests.test_phase3_features.TestDayRequests" name="test_create_day_off_request" time="0.201" /><testcase classname="backend.tests.test_phase3_features.TestDashboardStats" name="test_dashboard_stats" time="0.164" /></testsuite></testsuites>